[2025-04-15 05:11:34] ERROR: uncaughtException: Unexpected token 'const'
/workspaces/Smart_Taxi_App/backend/controllers/authController.js:5
const sendEmail = async (email, resetToken) => {
^^^^^

SyntaxError: Unexpected token 'const'
    at wrapSafe (node:internal/modules/cjs/loader:1472:18)
    at Module._compile (node:internal/modules/cjs/loader:1501:20)
    at Module._extensions..js (node:internal/modules/cjs/loader:1613:10)
    at Module.load (node:internal/modules/cjs/loader:1275:32)
    at Module._load (node:internal/modules/cjs/loader:1096:12)
    at Module.require (node:internal/modules/cjs/loader:1298:19)
    at require (node:internal/modules/helpers:182:18)
    at Object.<anonymous> (/workspaces/Smart_Taxi_App/backend/routes/authRoutes.js:3:24)
    at Module._compile (node:internal/modules/cjs/loader:1529:14)
    at Module._extensions..js (node:internal/modules/cjs/loader:1613:10)
[2025-04-15 05:11:36] ERROR: uncaughtException: Missing initializer in const declaration
/workspaces/Smart_Taxi_App/backend/controllers/authController.js:4
const no
      ^^

SyntaxError: Missing initializer in const declaration
    at wrapSafe (node:internal/modules/cjs/loader:1472:18)
    at Module._compile (node:internal/modules/cjs/loader:1501:20)
    at Module._extensions..js (node:internal/modules/cjs/loader:1613:10)
    at Module.load (node:internal/modules/cjs/loader:1275:32)
    at Module._load (node:internal/modules/cjs/loader:1096:12)
    at Module.require (node:internal/modules/cjs/loader:1298:19)
    at require (node:internal/modules/helpers:182:18)
    at Object.<anonymous> (/workspaces/Smart_Taxi_App/backend/routes/authRoutes.js:3:24)
    at Module._compile (node:internal/modules/cjs/loader:1529:14)
    at Module._extensions..js (node:internal/modules/cjs/loader:1613:10)
[2025-04-15 05:11:38] ERROR: uncaughtException: Missing initializer in const declaration
/workspaces/Smart_Taxi_App/backend/controllers/authController.js:4
const node
      ^^^^

SyntaxError: Missing initializer in const declaration
    at wrapSafe (node:internal/modules/cjs/loader:1472:18)
    at Module._compile (node:internal/modules/cjs/loader:1501:20)
    at Module._extensions..js (node:internal/modules/cjs/loader:1613:10)
    at Module.load (node:internal/modules/cjs/loader:1275:32)
    at Module._load (node:internal/modules/cjs/loader:1096:12)
    at Module.require (node:internal/modules/cjs/loader:1298:19)
    at require (node:internal/modules/helpers:182:18)
    at Object.<anonymous> (/workspaces/Smart_Taxi_App/backend/routes/authRoutes.js:3:24)
    at Module._compile (node:internal/modules/cjs/loader:1529:14)
    at Module._extensions..js (node:internal/modules/cjs/loader:1613:10)
[2025-04-15 05:11:40] ERROR: uncaughtException: Missing initializer in const declaration
/workspaces/Smart_Taxi_App/backend/controllers/authController.js:4
const nodemailer
      ^^^^^^^^^^

SyntaxError: Missing initializer in const declaration
    at wrapSafe (node:internal/modules/cjs/loader:1472:18)
    at Module._compile (node:internal/modules/cjs/loader:1501:20)
    at Module._extensions..js (node:internal/modules/cjs/loader:1613:10)
    at Module.load (node:internal/modules/cjs/loader:1275:32)
    at Module._load (node:internal/modules/cjs/loader:1096:12)
    at Module.require (node:internal/modules/cjs/loader:1298:19)
    at require (node:internal/modules/helpers:182:18)
    at Object.<anonymous> (/workspaces/Smart_Taxi_App/backend/routes/authRoutes.js:3:24)
    at Module._compile (node:internal/modules/cjs/loader:1529:14)
    at Module._extensions..js (node:internal/modules/cjs/loader:1613:10)
[2025-04-15 05:11:46] ERROR: uncaughtException: Missing initializer in const declaration
/workspaces/Smart_Taxi_App/backend/controllers/authController.js:4
const nodemailer 
      ^^^^^^^^^^

SyntaxError: Missing initializer in const declaration
    at wrapSafe (node:internal/modules/cjs/loader:1472:18)
    at Module._compile (node:internal/modules/cjs/loader:1501:20)
    at Module._extensions..js (node:internal/modules/cjs/loader:1613:10)
    at Module.load (node:internal/modules/cjs/loader:1275:32)
    at Module._load (node:internal/modules/cjs/loader:1096:12)
    at Module.require (node:internal/modules/cjs/loader:1298:19)
    at require (node:internal/modules/helpers:182:18)
    at Object.<anonymous> (/workspaces/Smart_Taxi_App/backend/routes/authRoutes.js:3:24)
    at Module._compile (node:internal/modules/cjs/loader:1529:14)
    at Module._extensions..js (node:internal/modules/cjs/loader:1613:10)
[2025-04-15 05:11:50] ERROR: uncaughtException: Unexpected token 'const'
/workspaces/Smart_Taxi_App/backend/controllers/authController.js:5
const sendEmail = async (email, resetToken) => {
^^^^^

SyntaxError: Unexpected token 'const'
    at wrapSafe (node:internal/modules/cjs/loader:1472:18)
    at Module._compile (node:internal/modules/cjs/loader:1501:20)
    at Module._extensions..js (node:internal/modules/cjs/loader:1613:10)
    at Module.load (node:internal/modules/cjs/loader:1275:32)
    at Module._load (node:internal/modules/cjs/loader:1096:12)
    at Module.require (node:internal/modules/cjs/loader:1298:19)
    at require (node:internal/modules/helpers:182:18)
    at Object.<anonymous> (/workspaces/Smart_Taxi_App/backend/routes/authRoutes.js:3:24)
    at Module._compile (node:internal/modules/cjs/loader:1529:14)
    at Module._extensions..js (node:internal/modules/cjs/loader:1613:10)
[2025-04-15 05:11:52] ERROR: uncaughtException: re is not defined
ReferenceError: re is not defined
    at Object.<anonymous> (/workspaces/Smart_Taxi_App/backend/controllers/authController.js:4:19)
    at Module._compile (node:internal/modules/cjs/loader:1529:14)
    at Module._extensions..js (node:internal/modules/cjs/loader:1613:10)
    at Module.load (node:internal/modules/cjs/loader:1275:32)
    at Module._load (node:internal/modules/cjs/loader:1096:12)
    at Module.require (node:internal/modules/cjs/loader:1298:19)
    at require (node:internal/modules/helpers:182:18)
    at Object.<anonymous> (/workspaces/Smart_Taxi_App/backend/routes/authRoutes.js:3:24)
    at Module._compile (node:internal/modules/cjs/loader:1529:14)
    at Module._extensions..js (node:internal/modules/cjs/loader:1613:10)
[2025-04-15 05:11:55] ERROR: uncaughtException: Unexpected token 'const'
/workspaces/Smart_Taxi_App/backend/controllers/authController.js:5
const sendEmail = async (email, resetToken) => {
^^^^^

SyntaxError: Unexpected token 'const'
    at wrapSafe (node:internal/modules/cjs/loader:1472:18)
    at Module._compile (node:internal/modules/cjs/loader:1501:20)
    at Module._extensions..js (node:internal/modules/cjs/loader:1613:10)
    at Module.load (node:internal/modules/cjs/loader:1275:32)
    at Module._load (node:internal/modules/cjs/loader:1096:12)
    at Module.require (node:internal/modules/cjs/loader:1298:19)
    at require (node:internal/modules/helpers:182:18)
    at Object.<anonymous> (/workspaces/Smart_Taxi_App/backend/routes/authRoutes.js:3:24)
    at Module._compile (node:internal/modules/cjs/loader:1529:14)
    at Module._extensions..js (node:internal/modules/cjs/loader:1613:10)
[2025-04-15 05:11:58] ERROR: uncaughtException: req is not defined
ReferenceError: req is not defined
    at Object.<anonymous> (/workspaces/Smart_Taxi_App/backend/controllers/authController.js:4:20)
    at Module._compile (node:internal/modules/cjs/loader:1529:14)
    at Module._extensions..js (node:internal/modules/cjs/loader:1613:10)
    at Module.load (node:internal/modules/cjs/loader:1275:32)
    at Module._load (node:internal/modules/cjs/loader:1096:12)
    at Module.require (node:internal/modules/cjs/loader:1298:19)
    at require (node:internal/modules/helpers:182:18)
    at Object.<anonymous> (/workspaces/Smart_Taxi_App/backend/routes/authRoutes.js:3:24)
    at Module._compile (node:internal/modules/cjs/loader:1529:14)
    at Module._extensions..js (node:internal/modules/cjs/loader:1613:10)
[2025-04-15 05:12:00] ERROR: uncaughtException: requre is not defined
ReferenceError: requre is not defined
    at Object.<anonymous> (/workspaces/Smart_Taxi_App/backend/controllers/authController.js:4:20)
    at Module._compile (node:internal/modules/cjs/loader:1529:14)
    at Module._extensions..js (node:internal/modules/cjs/loader:1613:10)
    at Module.load (node:internal/modules/cjs/loader:1275:32)
    at Module._load (node:internal/modules/cjs/loader:1096:12)
    at Module.require (node:internal/modules/cjs/loader:1298:19)
    at require (node:internal/modules/helpers:182:18)
    at Object.<anonymous> (/workspaces/Smart_Taxi_App/backend/routes/authRoutes.js:3:24)
    at Module._compile (node:internal/modules/cjs/loader:1529:14)
    at Module._extensions..js (node:internal/modules/cjs/loader:1613:10)
[2025-04-15 05:12:04] ERROR: uncaughtException: The "id" argument must be of type string. Received undefined
TypeError [ERR_INVALID_ARG_TYPE]: The "id" argument must be of type string. Received undefined
    at Module.require (node:internal/modules/cjs/loader:1291:3)
    at require (node:internal/modules/helpers:182:18)
    at Object.<anonymous> (/workspaces/Smart_Taxi_App/backend/controllers/authController.js:4:20)
    at Module._compile (node:internal/modules/cjs/loader:1529:14)
    at Module._extensions..js (node:internal/modules/cjs/loader:1613:10)
    at Module.load (node:internal/modules/cjs/loader:1275:32)
    at Module._load (node:internal/modules/cjs/loader:1096:12)
    at Module.require (node:internal/modules/cjs/loader:1298:19)
    at require (node:internal/modules/helpers:182:18)
    at Object.<anonymous> (/workspaces/Smart_Taxi_App/backend/routes/authRoutes.js:3:24)
[2025-04-15 05:12:07] ERROR: uncaughtException: The argument 'id' must be a non-empty string. Received ''
TypeError [ERR_INVALID_ARG_VALUE]: The argument 'id' must be a non-empty string. Received ''
    at Module.require (node:internal/modules/cjs/loader:1293:11)
    at require (node:internal/modules/helpers:182:18)
    at Object.<anonymous> (/workspaces/Smart_Taxi_App/backend/controllers/authController.js:4:20)
    at Module._compile (node:internal/modules/cjs/loader:1529:14)
    at Module._extensions..js (node:internal/modules/cjs/loader:1613:10)
    at Module.load (node:internal/modules/cjs/loader:1275:32)
    at Module._load (node:internal/modules/cjs/loader:1096:12)
    at Module.require (node:internal/modules/cjs/loader:1298:19)
    at require (node:internal/modules/helpers:182:18)
    at Object.<anonymous> (/workspaces/Smart_Taxi_App/backend/routes/authRoutes.js:3:24)
[2025-04-15 05:12:17] ERROR: uncaughtException: Cannot find module 'nodemo'
Require stack:
- /workspaces/Smart_Taxi_App/backend/controllers/authController.js
- /workspaces/Smart_Taxi_App/backend/routes/authRoutes.js
- /workspaces/Smart_Taxi_App/backend/server.js
Error: Cannot find module 'nodemo'
Require stack:
- /workspaces/Smart_Taxi_App/backend/controllers/authController.js
- /workspaces/Smart_Taxi_App/backend/routes/authRoutes.js
- /workspaces/Smart_Taxi_App/backend/server.js
    at Module._resolveFilename (node:internal/modules/cjs/loader:1212:15)
    at Module._load (node:internal/modules/cjs/loader:1043:27)
    at Module.require (node:internal/modules/cjs/loader:1298:19)
    at require (node:internal/modules/helpers:182:18)
    at Object.<anonymous> (/workspaces/Smart_Taxi_App/backend/controllers/authController.js:4:20)
    at Module._compile (node:internal/modules/cjs/loader:1529:14)
    at Module._extensions..js (node:internal/modules/cjs/loader:1613:10)
    at Module.load (node:internal/modules/cjs/loader:1275:32)
    at Module._load (node:internal/modules/cjs/loader:1096:12)
    at Module.require (node:internal/modules/cjs/loader:1298:19)
[2025-04-15 05:12:20] ERROR: uncaughtException: Cannot find module 'nod'
Require stack:
- /workspaces/Smart_Taxi_App/backend/controllers/authController.js
- /workspaces/Smart_Taxi_App/backend/routes/authRoutes.js
- /workspaces/Smart_Taxi_App/backend/server.js
Error: Cannot find module 'nod'
Require stack:
- /workspaces/Smart_Taxi_App/backend/controllers/authController.js
- /workspaces/Smart_Taxi_App/backend/routes/authRoutes.js
- /workspaces/Smart_Taxi_App/backend/server.js
    at Module._resolveFilename (node:internal/modules/cjs/loader:1212:15)
    at Module._load (node:internal/modules/cjs/loader:1043:27)
    at Module.require (node:internal/modules/cjs/loader:1298:19)
    at require (node:internal/modules/helpers:182:18)
    at Object.<anonymous> (/workspaces/Smart_Taxi_App/backend/controllers/authController.js:4:20)
    at Module._compile (node:internal/modules/cjs/loader:1529:14)
    at Module._extensions..js (node:internal/modules/cjs/loader:1613:10)
    at Module.load (node:internal/modules/cjs/loader:1275:32)
    at Module._load (node:internal/modules/cjs/loader:1096:12)
    at Module.require (node:internal/modules/cjs/loader:1298:19)
[2025-04-15 05:12:22] ERROR: uncaughtException: Cannot find module 'node'
Require stack:
- /workspaces/Smart_Taxi_App/backend/controllers/authController.js
- /workspaces/Smart_Taxi_App/backend/routes/authRoutes.js
- /workspaces/Smart_Taxi_App/backend/server.js
Error: Cannot find module 'node'
Require stack:
- /workspaces/Smart_Taxi_App/backend/controllers/authController.js
- /workspaces/Smart_Taxi_App/backend/routes/authRoutes.js
- /workspaces/Smart_Taxi_App/backend/server.js
    at Module._resolveFilename (node:internal/modules/cjs/loader:1212:15)
    at Module._load (node:internal/modules/cjs/loader:1043:27)
    at Module.require (node:internal/modules/cjs/loader:1298:19)
    at require (node:internal/modules/helpers:182:18)
    at Object.<anonymous> (/workspaces/Smart_Taxi_App/backend/controllers/authController.js:4:20)
    at Module._compile (node:internal/modules/cjs/loader:1529:14)
    at Module._extensions..js (node:internal/modules/cjs/loader:1613:10)
    at Module.load (node:internal/modules/cjs/loader:1275:32)
    at Module._load (node:internal/modules/cjs/loader:1096:12)
    at Module.require (node:internal/modules/cjs/loader:1298:19)
[2025-04-15 05:12:25] ERROR: uncaughtException: Cannot find module 'nodemaile'
Require stack:
- /workspaces/Smart_Taxi_App/backend/controllers/authController.js
- /workspaces/Smart_Taxi_App/backend/routes/authRoutes.js
- /workspaces/Smart_Taxi_App/backend/server.js
Error: Cannot find module 'nodemaile'
Require stack:
- /workspaces/Smart_Taxi_App/backend/controllers/authController.js
- /workspaces/Smart_Taxi_App/backend/routes/authRoutes.js
- /workspaces/Smart_Taxi_App/backend/server.js
    at Module._resolveFilename (node:internal/modules/cjs/loader:1212:15)
    at Module._load (node:internal/modules/cjs/loader:1043:27)
    at Module.require (node:internal/modules/cjs/loader:1298:19)
    at require (node:internal/modules/helpers:182:18)
    at Object.<anonymous> (/workspaces/Smart_Taxi_App/backend/controllers/authController.js:4:20)
    at Module._compile (node:internal/modules/cjs/loader:1529:14)
    at Module._extensions..js (node:internal/modules/cjs/loader:1613:10)
    at Module.load (node:internal/modules/cjs/loader:1275:32)
    at Module._load (node:internal/modules/cjs/loader:1096:12)
    at Module.require (node:internal/modules/cjs/loader:1298:19)
[2025-04-15 05:27:24] ERROR: uncaughtException: Unexpected token '??'
/workspaces/Smart_Taxi_App/backend/controllers/authController.js:136
  const { email, token, newPassword, con????firmPassword } = req.body;
                                        ^^

SyntaxError: Unexpected token '??'
    at wrapSafe (node:internal/modules/cjs/loader:1472:18)
    at Module._compile (node:internal/modules/cjs/loader:1501:20)
    at Module._extensions..js (node:internal/modules/cjs/loader:1613:10)
    at Module.load (node:internal/modules/cjs/loader:1275:32)
    at Module._load (node:internal/modules/cjs/loader:1096:12)
    at Module.require (node:internal/modules/cjs/loader:1298:19)
    at require (node:internal/modules/helpers:182:18)
    at Object.<anonymous> (/workspaces/Smart_Taxi_App/backend/routes/authRoutes.js:3:24)
    at Module._compile (node:internal/modules/cjs/loader:1529:14)
    at Module._extensions..js (node:internal/modules/cjs/loader:1613:10)
[2025-04-15 05:27:32] ERROR: uncaughtException: Unexpected token '??'
/workspaces/Smart_Taxi_App/backend/controllers/authController.js:136
  const { email, token, newPassword, con????firm
                                        ^^

SyntaxError: Unexpected token '??'
    at wrapSafe (node:internal/modules/cjs/loader:1472:18)
    at Module._compile (node:internal/modules/cjs/loader:1501:20)
    at Module._extensions..js (node:internal/modules/cjs/loader:1613:10)
    at Module.load (node:internal/modules/cjs/loader:1275:32)
    at Module._load (node:internal/modules/cjs/loader:1096:12)
    at Module.require (node:internal/modules/cjs/loader:1298:19)
    at require (node:internal/modules/helpers:182:18)
    at Object.<anonymous> (/workspaces/Smart_Taxi_App/backend/routes/authRoutes.js:3:24)
    at Module._compile (node:internal/modules/cjs/loader:1529:14)
    at Module._extensions..js (node:internal/modules/cjs/loader:1613:10)
[2025-04-15 05:27:48] ERROR: uncaughtException: Missing initializer in destructuring declaration
/workspaces/Smart_Taxi_App/backend/controllers/authController.js:136
  const { email, token, newPassword } 
        ^^^^^^^^^^^^^^^^^^^^^^^^^^^^^

SyntaxError: Missing initializer in destructuring declaration
    at wrapSafe (node:internal/modules/cjs/loader:1472:18)
    at Module._compile (node:internal/modules/cjs/loader:1501:20)
    at Module._extensions..js (node:internal/modules/cjs/loader:1613:10)
    at Module.load (node:internal/modules/cjs/loader:1275:32)
    at Module._load (node:internal/modules/cjs/loader:1096:12)
    at Module.require (node:internal/modules/cjs/loader:1298:19)
    at require (node:internal/modules/helpers:182:18)
    at Object.<anonymous> (/workspaces/Smart_Taxi_App/backend/routes/authRoutes.js:3:24)
    at Module._compile (node:internal/modules/cjs/loader:1529:14)
    at Module._extensions..js (node:internal/modules/cjs/loader:1613:10)
