[2025-03-22T15:11:43.640Z] [31merror[39m: uncaughtException: con is not defined
ReferenceError: con is not defined
    at Object.<anonymous> (/workspaces/Smart_Taxi_App/backend/models/Taxi.js:2:1)
    at Module._compile (node:internal/modules/cjs/loader:1469:14)
    at Module._extensions..js (node:internal/modules/cjs/loader:1548:10)
    at Module.load (node:internal/modules/cjs/loader:1288:32)
    at Module._load (node:internal/modules/cjs/loader:1104:12)
    at Module.require (node:internal/modules/cjs/loader:1311:19)
    at require (node:internal/modules/helpers:179:18)
    at Object.<anonymous> (/workspaces/Smart_Taxi_App/backend/controllers/taxiController.js:1:14)
    at Module._compile (node:internal/modules/cjs/loader:1469:14)
    at Module._extensions..js (node:internal/modules/cjs/loader:1548:10)
[2025-03-22T15:11:45.813Z] [31merror[39m: uncaughtException: Unexpected token 'const'
/workspaces/Smart_Taxi_App/backend/models/Taxi.js:4
const taxiSchema = new mongoose.Schema(
^^^^^

SyntaxError: Unexpected token 'const'
    at wrapSafe (node:internal/modules/cjs/loader:1378:20)
    at Module._compile (node:internal/modules/cjs/loader:1428:41)
    at Module._extensions..js (node:internal/modules/cjs/loader:1548:10)
    at Module.load (node:internal/modules/cjs/loader:1288:32)
    at Module._load (node:internal/modules/cjs/loader:1104:12)
    at Module.require (node:internal/modules/cjs/loader:1311:19)
    at require (node:internal/modules/helpers:179:18)
    at Object.<anonymous> (/workspaces/Smart_Taxi_App/backend/controllers/taxiController.js:1:14)
    at Module._compile (node:internal/modules/cjs/loader:1469:14)
    at Module._extensions..js (node:internal/modules/cjs/loader:1548:10)
[2025-03-22T15:11:47.028Z] [31merror[39m: uncaughtException: Unexpected token 'const'
/workspaces/Smart_Taxi_App/backend/models/Taxi.js:4
const taxiSchema = new mongoose.Schema(
^^^^^

SyntaxError: Unexpected token 'const'
    at wrapSafe (node:internal/modules/cjs/loader:1378:20)
    at Module._compile (node:internal/modules/cjs/loader:1428:41)
    at Module._extensions..js (node:internal/modules/cjs/loader:1548:10)
    at Module.load (node:internal/modules/cjs/loader:1288:32)
    at Module._load (node:internal/modules/cjs/loader:1104:12)
    at Module.require (node:internal/modules/cjs/loader:1311:19)
    at require (node:internal/modules/helpers:179:18)
    at Object.<anonymous> (/workspaces/Smart_Taxi_App/backend/controllers/taxiController.js:1:14)
    at Module._compile (node:internal/modules/cjs/loader:1469:14)
    at Module._extensions..js (node:internal/modules/cjs/loader:1548:10)
[2025-03-22T15:11:57.465Z] [31merror[39m: uncaughtException: Missing initializer in const declaration
/workspaces/Smart_Taxi_App/backend/models/Taxi.js:2
const Route 
      ^^^^^

SyntaxError: Missing initializer in const declaration
    at wrapSafe (node:internal/modules/cjs/loader:1378:20)
    at Module._compile (node:internal/modules/cjs/loader:1428:41)
    at Module._extensions..js (node:internal/modules/cjs/loader:1548:10)
    at Module.load (node:internal/modules/cjs/loader:1288:32)
    at Module._load (node:internal/modules/cjs/loader:1104:12)
    at Module.require (node:internal/modules/cjs/loader:1311:19)
    at require (node:internal/modules/helpers:179:18)
    at Object.<anonymous> (/workspaces/Smart_Taxi_App/backend/controllers/taxiController.js:1:14)
    at Module._compile (node:internal/modules/cjs/loader:1469:14)
    at Module._extensions..js (node:internal/modules/cjs/loader:1548:10)
[2025-03-22T15:12:07.031Z] [31merror[39m: uncaughtException: Unexpected token 'const'
/workspaces/Smart_Taxi_App/backend/models/Taxi.js:4
const taxiSchema = new mongoose.Schema(
^^^^^

SyntaxError: Unexpected token 'const'
    at wrapSafe (node:internal/modules/cjs/loader:1378:20)
    at Module._compile (node:internal/modules/cjs/loader:1428:41)
    at Module._extensions..js (node:internal/modules/cjs/loader:1548:10)
    at Module.load (node:internal/modules/cjs/loader:1288:32)
    at Module._load (node:internal/modules/cjs/loader:1104:12)
    at Module.require (node:internal/modules/cjs/loader:1311:19)
    at require (node:internal/modules/helpers:179:18)
    at Object.<anonymous> (/workspaces/Smart_Taxi_App/backend/controllers/taxiController.js:1:14)
    at Module._compile (node:internal/modules/cjs/loader:1469:14)
    at Module._extensions..js (node:internal/modules/cjs/loader:1548:10)
[2025-03-22T15:12:09.185Z] [31merror[39m: uncaughtException: Unexpected token 'const'
/workspaces/Smart_Taxi_App/backend/models/Taxi.js:4
const taxiSchema = new mongoose.Schema(
^^^^^

SyntaxError: Unexpected token 'const'
    at wrapSafe (node:internal/modules/cjs/loader:1378:20)
    at Module._compile (node:internal/modules/cjs/loader:1428:41)
    at Module._extensions..js (node:internal/modules/cjs/loader:1548:10)
    at Module.load (node:internal/modules/cjs/loader:1288:32)
    at Module._load (node:internal/modules/cjs/loader:1104:12)
    at Module.require (node:internal/modules/cjs/loader:1311:19)
    at require (node:internal/modules/helpers:179:18)
    at Object.<anonymous> (/workspaces/Smart_Taxi_App/backend/controllers/taxiController.js:1:14)
    at Module._compile (node:internal/modules/cjs/loader:1469:14)
    at Module._extensions..js (node:internal/modules/cjs/loader:1548:10)
[2025-03-22T15:12:11.017Z] [31merror[39m: uncaughtException: req is not defined
ReferenceError: req is not defined
    at Object.<anonymous> (/workspaces/Smart_Taxi_App/backend/models/Taxi.js:2:15)
    at Module._compile (node:internal/modules/cjs/loader:1469:14)
    at Module._extensions..js (node:internal/modules/cjs/loader:1548:10)
    at Module.load (node:internal/modules/cjs/loader:1288:32)
    at Module._load (node:internal/modules/cjs/loader:1104:12)
    at Module.require (node:internal/modules/cjs/loader:1311:19)
    at require (node:internal/modules/helpers:179:18)
    at Object.<anonymous> (/workspaces/Smart_Taxi_App/backend/controllers/taxiController.js:1:14)
    at Module._compile (node:internal/modules/cjs/loader:1469:14)
    at Module._extensions..js (node:internal/modules/cjs/loader:1548:10)
[2025-03-22T15:12:12.781Z] [31merror[39m: uncaughtException: requ is not defined
ReferenceError: requ is not defined
    at Object.<anonymous> (/workspaces/Smart_Taxi_App/backend/models/Taxi.js:2:15)
    at Module._compile (node:internal/modules/cjs/loader:1469:14)
    at Module._extensions..js (node:internal/modules/cjs/loader:1548:10)
    at Module.load (node:internal/modules/cjs/loader:1288:32)
    at Module._load (node:internal/modules/cjs/loader:1104:12)
    at Module.require (node:internal/modules/cjs/loader:1311:19)
    at require (node:internal/modules/helpers:179:18)
    at Object.<anonymous> (/workspaces/Smart_Taxi_App/backend/controllers/taxiController.js:1:14)
    at Module._compile (node:internal/modules/cjs/loader:1469:14)
    at Module._extensions..js (node:internal/modules/cjs/loader:1548:10)
[2025-03-22T15:12:22.141Z] [31merror[39m: uncaughtException: The argument 'id' must be a non-empty string. Received ''
TypeError [ERR_INVALID_ARG_VALUE]: The argument 'id' must be a non-empty string. Received ''
    at Module.require (node:internal/modules/cjs/loader:1306:11)
    at require (node:internal/modules/helpers:179:18)
    at Object.<anonymous> (/workspaces/Smart_Taxi_App/backend/models/Taxi.js:2:15)
    at Module._compile (node:internal/modules/cjs/loader:1469:14)
    at Module._extensions..js (node:internal/modules/cjs/loader:1548:10)
    at Module.load (node:internal/modules/cjs/loader:1288:32)
    at Module._load (node:internal/modules/cjs/loader:1104:12)
    at Module.require (node:internal/modules/cjs/loader:1311:19)
    at require (node:internal/modules/helpers:179:18)
    at Object.<anonymous> (/workspaces/Smart_Taxi_App/backend/controllers/taxiController.js:1:14)
[2025-03-22T15:12:26.061Z] [31merror[39m: uncaughtException: Cannot find module '.'
Require stack:
- /workspaces/Smart_Taxi_App/backend/models/Taxi.js
- /workspaces/Smart_Taxi_App/backend/controllers/taxiController.js
- /workspaces/Smart_Taxi_App/backend/routes/taxiRoutes.js
- /workspaces/Smart_Taxi_App/backend/server.js
Error: Cannot find module '.'
Require stack:
- /workspaces/Smart_Taxi_App/backend/models/Taxi.js
- /workspaces/Smart_Taxi_App/backend/controllers/taxiController.js
- /workspaces/Smart_Taxi_App/backend/routes/taxiRoutes.js
- /workspaces/Smart_Taxi_App/backend/server.js
    at Module._resolveFilename (node:internal/modules/cjs/loader:1225:15)
    at Module._load (node:internal/modules/cjs/loader:1051:27)
    at Module.require (node:internal/modules/cjs/loader:1311:19)
    at require (node:internal/modules/helpers:179:18)
    at Object.<anonymous> (/workspaces/Smart_Taxi_App/backend/models/Taxi.js:2:15)
    at Module._compile (node:internal/modules/cjs/loader:1469:14)
    at Module._extensions..js (node:internal/modules/cjs/loader:1548:10)
    at Module.load (node:internal/modules/cjs/loader:1288:32)
    at Module._load (node:internal/modules/cjs/loader:1104:12)
    at Module.require (node:internal/modules/cjs/loader:1311:19)
[2025-03-22T15:12:31.369Z] [31merror[39m: uncaughtException: Cannot find module './'
Require stack:
- /workspaces/Smart_Taxi_App/backend/models/Taxi.js
- /workspaces/Smart_Taxi_App/backend/controllers/taxiController.js
- /workspaces/Smart_Taxi_App/backend/routes/taxiRoutes.js
- /workspaces/Smart_Taxi_App/backend/server.js
Error: Cannot find module './'
Require stack:
- /workspaces/Smart_Taxi_App/backend/models/Taxi.js
- /workspaces/Smart_Taxi_App/backend/controllers/taxiController.js
- /workspaces/Smart_Taxi_App/backend/routes/taxiRoutes.js
- /workspaces/Smart_Taxi_App/backend/server.js
    at Module._resolveFilename (node:internal/modules/cjs/loader:1225:15)
    at Module._load (node:internal/modules/cjs/loader:1051:27)
    at Module.require (node:internal/modules/cjs/loader:1311:19)
    at require (node:internal/modules/helpers:179:18)
    at Object.<anonymous> (/workspaces/Smart_Taxi_App/backend/models/Taxi.js:2:15)
    at Module._compile (node:internal/modules/cjs/loader:1469:14)
    at Module._extensions..js (node:internal/modules/cjs/loader:1548:10)
    at Module.load (node:internal/modules/cjs/loader:1288:32)
    at Module._load (node:internal/modules/cjs/loader:1104:12)
    at Module.require (node:internal/modules/cjs/loader:1311:19)
[2025-03-22T15:12:47.192Z] [31merror[39m: uncaughtException: Invalid or unexpected token
/workspaces/Smart_Taxi_App/backend/models/Taxi.js:14
      ref: "Route,
           ^^^^^^^

SyntaxError: Invalid or unexpected token
    at wrapSafe (node:internal/modules/cjs/loader:1378:20)
    at Module._compile (node:internal/modules/cjs/loader:1428:41)
    at Module._extensions..js (node:internal/modules/cjs/loader:1548:10)
    at Module.load (node:internal/modules/cjs/loader:1288:32)
    at Module._load (node:internal/modules/cjs/loader:1104:12)
    at Module.require (node:internal/modules/cjs/loader:1311:19)
    at require (node:internal/modules/helpers:179:18)
    at Object.<anonymous> (/workspaces/Smart_Taxi_App/backend/controllers/taxiController.js:1:14)
    at Module._compile (node:internal/modules/cjs/loader:1469:14)
    at Module._extensions..js (node:internal/modules/cjs/loader:1548:10)
[2025-03-22T15:12:59.176Z] [31merror[39m: uncaughtException: Route is not defined
ReferenceError: Route is not defined
    at Object.<anonymous> (/workspaces/Smart_Taxi_App/backend/models/Taxi.js:13:12)
    at Module._compile (node:internal/modules/cjs/loader:1469:14)
    at Module._extensions..js (node:internal/modules/cjs/loader:1548:10)
    at Module.load (node:internal/modules/cjs/loader:1288:32)
    at Module._load (node:internal/modules/cjs/loader:1104:12)
    at Module.require (node:internal/modules/cjs/loader:1311:19)
    at require (node:internal/modules/helpers:179:18)
    at Object.<anonymous> (/workspaces/Smart_Taxi_App/backend/controllers/taxiController.js:1:14)
    at Module._compile (node:internal/modules/cjs/loader:1469:14)
    at Module._extensions..js (node:internal/modules/cjs/loader:1548:10)
[2025-03-22T15:13:06.318Z] [31merror[39m: uncaughtException: Identifier 'Route' has already been declared
/workspaces/Smart_Taxi_App/backend/models/Taxi.js:3
const Route = require("./Route")
      ^

SyntaxError: Identifier 'Route' has already been declared
    at wrapSafe (node:internal/modules/cjs/loader:1378:20)
    at Module._compile (node:internal/modules/cjs/loader:1428:41)
    at Module._extensions..js (node:internal/modules/cjs/loader:1548:10)
    at Module.load (node:internal/modules/cjs/loader:1288:32)
    at Module._load (node:internal/modules/cjs/loader:1104:12)
    at Module.require (node:internal/modules/cjs/loader:1311:19)
    at require (node:internal/modules/helpers:179:18)
    at Object.<anonymous> (/workspaces/Smart_Taxi_App/backend/controllers/taxiController.js:1:14)
    at Module._compile (node:internal/modules/cjs/loader:1469:14)
    at Module._extensions..js (node:internal/modules/cjs/loader:1548:10)
[2025-03-22T15:13:11.274Z] [31merror[39m: uncaughtException: Unexpected token '='
/workspaces/Smart_Taxi_App/backend/models/Taxi.js:3
const = require("./Route")
      ^

SyntaxError: Unexpected token '='
    at wrapSafe (node:internal/modules/cjs/loader:1378:20)
    at Module._compile (node:internal/modules/cjs/loader:1428:41)
    at Module._extensions..js (node:internal/modules/cjs/loader:1548:10)
    at Module.load (node:internal/modules/cjs/loader:1288:32)
    at Module._load (node:internal/modules/cjs/loader:1104:12)
    at Module.require (node:internal/modules/cjs/loader:1311:19)
    at require (node:internal/modules/helpers:179:18)
    at Object.<anonymous> (/workspaces/Smart_Taxi_App/backend/controllers/taxiController.js:1:14)
    at Module._compile (node:internal/modules/cjs/loader:1469:14)
    at Module._extensions..js (node:internal/modules/cjs/loader:1548:10)
[2025-03-22T15:13:25.882Z] [31merror[39m: uncaughtException: Cannot find module './'
Require stack:
- /workspaces/Smart_Taxi_App/backend/models/Taxi.js
- /workspaces/Smart_Taxi_App/backend/controllers/taxiController.js
- /workspaces/Smart_Taxi_App/backend/routes/taxiRoutes.js
- /workspaces/Smart_Taxi_App/backend/server.js
Error: Cannot find module './'
Require stack:
- /workspaces/Smart_Taxi_App/backend/models/Taxi.js
- /workspaces/Smart_Taxi_App/backend/controllers/taxiController.js
- /workspaces/Smart_Taxi_App/backend/routes/taxiRoutes.js
- /workspaces/Smart_Taxi_App/backend/server.js
    at Module._resolveFilename (node:internal/modules/cjs/loader:1225:15)
    at Module._load (node:internal/modules/cjs/loader:1051:27)
    at Module.require (node:internal/modules/cjs/loader:1311:19)
    at require (node:internal/modules/helpers:179:18)
    at Object.<anonymous> (/workspaces/Smart_Taxi_App/backend/models/Taxi.js:3:14)
    at Module._compile (node:internal/modules/cjs/loader:1469:14)
    at Module._extensions..js (node:internal/modules/cjs/loader:1548:10)
    at Module.load (node:internal/modules/cjs/loader:1288:32)
    at Module._load (node:internal/modules/cjs/loader:1104:12)
    at Module.require (node:internal/modules/cjs/loader:1311:19)
[2025-03-22T15:13:36.278Z] [31merror[39m: uncaughtException: Invalid or unexpected token
/workspaces/Smart_Taxi_App/backend/models/Taxi.js:20
      ref: "User,
           ^^^^^^

SyntaxError: Invalid or unexpected token
    at wrapSafe (node:internal/modules/cjs/loader:1378:20)
    at Module._compile (node:internal/modules/cjs/loader:1428:41)
    at Module._extensions..js (node:internal/modules/cjs/loader:1548:10)
    at Module.load (node:internal/modules/cjs/loader:1288:32)
    at Module._load (node:internal/modules/cjs/loader:1104:12)
    at Module.require (node:internal/modules/cjs/loader:1311:19)
    at require (node:internal/modules/helpers:179:18)
    at Object.<anonymous> (/workspaces/Smart_Taxi_App/backend/controllers/taxiController.js:1:14)
    at Module._compile (node:internal/modules/cjs/loader:1469:14)
    at Module._extensions..js (node:internal/modules/cjs/loader:1548:10)
[2025-03-22T15:25:12.627Z] [31merror[39m: uncaughtException: Missing catch or finally after try
/workspaces/Smart_Taxi_App/backend/controllers/taxiController.js:53
  }
  ^

SyntaxError: Missing catch or finally after try
    at wrapSafe (node:internal/modules/cjs/loader:1378:20)
    at Module._compile (node:internal/modules/cjs/loader:1428:41)
    at Module._extensions..js (node:internal/modules/cjs/loader:1548:10)
    at Module.load (node:internal/modules/cjs/loader:1288:32)
    at Module._load (node:internal/modules/cjs/loader:1104:12)
    at Module.require (node:internal/modules/cjs/loader:1311:19)
    at require (node:internal/modules/helpers:179:18)
    at Object.<anonymous> (/workspaces/Smart_Taxi_App/backend/routes/taxiRoutes.js:4:24)
    at Module._compile (node:internal/modules/cjs/loader:1469:14)
    at Module._extensions..js (node:internal/modules/cjs/loader:1548:10)
[2025-03-22T15:25:15.214Z] [31merror[39m: uncaughtException: Missing catch or finally after try
/workspaces/Smart_Taxi_App/backend/controllers/taxiController.js:52
  }
  ^

SyntaxError: Missing catch or finally after try
    at wrapSafe (node:internal/modules/cjs/loader:1378:20)
    at Module._compile (node:internal/modules/cjs/loader:1428:41)
    at Module._extensions..js (node:internal/modules/cjs/loader:1548:10)
    at Module.load (node:internal/modules/cjs/loader:1288:32)
    at Module._load (node:internal/modules/cjs/loader:1104:12)
    at Module.require (node:internal/modules/cjs/loader:1311:19)
    at require (node:internal/modules/helpers:179:18)
    at Object.<anonymous> (/workspaces/Smart_Taxi_App/backend/routes/taxiRoutes.js:4:24)
    at Module._compile (node:internal/modules/cjs/loader:1469:14)
    at Module._extensions..js (node:internal/modules/cjs/loader:1548:10)
[2025-03-22T15:25:18.458Z] [31merror[39m: uncaughtException: Missing catch or finally after try
/workspaces/Smart_Taxi_App/backend/controllers/taxiController.js:51
};
^

SyntaxError: Missing catch or finally after try
    at wrapSafe (node:internal/modules/cjs/loader:1378:20)
    at Module._compile (node:internal/modules/cjs/loader:1428:41)
    at Module._extensions..js (node:internal/modules/cjs/loader:1548:10)
    at Module.load (node:internal/modules/cjs/loader:1288:32)
    at Module._load (node:internal/modules/cjs/loader:1104:12)
    at Module.require (node:internal/modules/cjs/loader:1311:19)
    at require (node:internal/modules/helpers:179:18)
    at Object.<anonymous> (/workspaces/Smart_Taxi_App/backend/routes/taxiRoutes.js:4:24)
    at Module._compile (node:internal/modules/cjs/loader:1469:14)
    at Module._extensions..js (node:internal/modules/cjs/loader:1548:10)
[2025-03-22T15:25:36.888Z] [31merror[39m: uncaughtException: Missing catch or finally after try
/workspaces/Smart_Taxi_App/backend/controllers/taxiController.js:52
};
^

SyntaxError: Missing catch or finally after try
    at wrapSafe (node:internal/modules/cjs/loader:1378:20)
    at Module._compile (node:internal/modules/cjs/loader:1428:41)
    at Module._extensions..js (node:internal/modules/cjs/loader:1548:10)
    at Module.load (node:internal/modules/cjs/loader:1288:32)
    at Module._load (node:internal/modules/cjs/loader:1104:12)
    at Module.require (node:internal/modules/cjs/loader:1311:19)
    at require (node:internal/modules/helpers:179:18)
    at Object.<anonymous> (/workspaces/Smart_Taxi_App/backend/routes/taxiRoutes.js:4:24)
    at Module._compile (node:internal/modules/cjs/loader:1469:14)
    at Module._extensions..js (node:internal/modules/cjs/loader:1548:10)
[2025-03-22T15:25:38.818Z] [31merror[39m: uncaughtException: Missing catch or finally after try
/workspaces/Smart_Taxi_App/backend/controllers/taxiController.js:53
};
^

SyntaxError: Missing catch or finally after try
    at wrapSafe (node:internal/modules/cjs/loader:1378:20)
    at Module._compile (node:internal/modules/cjs/loader:1428:41)
    at Module._extensions..js (node:internal/modules/cjs/loader:1548:10)
    at Module.load (node:internal/modules/cjs/loader:1288:32)
    at Module._load (node:internal/modules/cjs/loader:1104:12)
    at Module.require (node:internal/modules/cjs/loader:1311:19)
    at require (node:internal/modules/helpers:179:18)
    at Object.<anonymous> (/workspaces/Smart_Taxi_App/backend/routes/taxiRoutes.js:4:24)
    at Module._compile (node:internal/modules/cjs/loader:1469:14)
    at Module._extensions..js (node:internal/modules/cjs/loader:1548:10)
[2025-03-22T15:25:39.944Z] [31merror[39m: uncaughtException: Missing catch or finally after try
/workspaces/Smart_Taxi_App/backend/controllers/taxiController.js:52
  }
  ^

SyntaxError: Missing catch or finally after try
    at wrapSafe (node:internal/modules/cjs/loader:1378:20)
    at Module._compile (node:internal/modules/cjs/loader:1428:41)
    at Module._extensions..js (node:internal/modules/cjs/loader:1548:10)
    at Module.load (node:internal/modules/cjs/loader:1288:32)
    at Module._load (node:internal/modules/cjs/loader:1104:12)
    at Module.require (node:internal/modules/cjs/loader:1311:19)
    at require (node:internal/modules/helpers:179:18)
    at Object.<anonymous> (/workspaces/Smart_Taxi_App/backend/routes/taxiRoutes.js:4:24)
    at Module._compile (node:internal/modules/cjs/loader:1469:14)
    at Module._extensions..js (node:internal/modules/cjs/loader:1548:10)
[2025-03-22T17:16:25.040Z] [31merror[39m: uncaughtException: Route.patch() requires a callback function but got a [object Undefined]
Error: Route.patch() requires a callback function but got a [object Undefined]
    at Route.<computed> [as patch] (/workspaces/Smart_Taxi_App/backend/node_modules/express/lib/router/route.js:216:15)
    at proto.<computed> [as patch] (/workspaces/Smart_Taxi_App/backend/node_modules/express/lib/router/index.js:521:19)
    at Object.<anonymous> (/workspaces/Smart_Taxi_App/backend/routes/taxiRoutes.js:13:8)
    at Module._compile (node:internal/modules/cjs/loader:1469:14)
    at Module._extensions..js (node:internal/modules/cjs/loader:1548:10)
    at Module.load (node:internal/modules/cjs/loader:1288:32)
    at Module._load (node:internal/modules/cjs/loader:1104:12)
    at Module.require (node:internal/modules/cjs/loader:1311:19)
    at require (node:internal/modules/helpers:179:18)
    at Object.<anonymous> (/workspaces/Smart_Taxi_App/backend/server.js:16:20)
[2025-03-22T17:16:55.825Z] [31merror[39m: uncaughtException: Route.patch() requires a callback function but got a [object Undefined]
Error: Route.patch() requires a callback function but got a [object Undefined]
    at Route.<computed> [as patch] (/workspaces/Smart_Taxi_App/backend/node_modules/express/lib/router/route.js:216:15)
    at proto.<computed> [as patch] (/workspaces/Smart_Taxi_App/backend/node_modules/express/lib/router/index.js:521:19)
    at Object.<anonymous> (/workspaces/Smart_Taxi_App/backend/routes/taxiRoutes.js:13:8)
    at Module._compile (node:internal/modules/cjs/loader:1469:14)
    at Module._extensions..js (node:internal/modules/cjs/loader:1548:10)
    at Module.load (node:internal/modules/cjs/loader:1288:32)
    at Module._load (node:internal/modules/cjs/loader:1104:12)
    at Module.require (node:internal/modules/cjs/loader:1311:19)
    at require (node:internal/modules/helpers:179:18)
    at Object.<anonymous> (/workspaces/Smart_Taxi_App/backend/server.js:16:20)
[2025-03-22T17:16:58.237Z] [31merror[39m: uncaughtException: Route.get() requires a callback function but got a [object Undefined]
Error: Route.get() requires a callback function but got a [object Undefined]
    at Route.<computed> [as get] (/workspaces/Smart_Taxi_App/backend/node_modules/express/lib/router/route.js:216:15)
    at proto.<computed> [as get] (/workspaces/Smart_Taxi_App/backend/node_modules/express/lib/router/index.js:521:19)
    at Object.<anonymous> (/workspaces/Smart_Taxi_App/backend/routes/taxiRoutes.js:13:8)
    at Module._compile (node:internal/modules/cjs/loader:1469:14)
    at Module._extensions..js (node:internal/modules/cjs/loader:1548:10)
    at Module.load (node:internal/modules/cjs/loader:1288:32)
    at Module._load (node:internal/modules/cjs/loader:1104:12)
    at Module.require (node:internal/modules/cjs/loader:1311:19)
    at require (node:internal/modules/helpers:179:18)
    at Object.<anonymous> (/workspaces/Smart_Taxi_App/backend/server.js:16:20)
[2025-03-22T17:17:00.546Z] [31merror[39m: uncaughtException: Route.patch() requires a callback function but got a [object Undefined]
Error: Route.patch() requires a callback function but got a [object Undefined]
    at Route.<computed> [as patch] (/workspaces/Smart_Taxi_App/backend/node_modules/express/lib/router/route.js:216:15)
    at proto.<computed> [as patch] (/workspaces/Smart_Taxi_App/backend/node_modules/express/lib/router/index.js:521:19)
    at Object.<anonymous> (/workspaces/Smart_Taxi_App/backend/routes/taxiRoutes.js:13:8)
    at Module._compile (node:internal/modules/cjs/loader:1469:14)
    at Module._extensions..js (node:internal/modules/cjs/loader:1548:10)
    at Module.load (node:internal/modules/cjs/loader:1288:32)
    at Module._load (node:internal/modules/cjs/loader:1104:12)
    at Module.require (node:internal/modules/cjs/loader:1311:19)
    at require (node:internal/modules/helpers:179:18)
    at Object.<anonymous> (/workspaces/Smart_Taxi_App/backend/server.js:16:20)
